Already up to date.
Already up to date.
error: cannot pull with rebase: You have unstaged changes.
error: please commit or stash them.
error: cannot pull with rebase: You have unstaged changes.
error: please commit or stash them.
error: cannot pull with rebase: You have unstaged changes.
error: please commit or stash them.
error: cannot pull with rebase: You have unstaged changes.
error: please commit or stash them.
error: cannot pull with rebase: You have unstaged changes.
error: please commit or stash them.
error: cannot pull with rebase: You have unstaged changes.
error: please commit or stash them.
error: cannot pull with rebase: You have unstaged changes.
error: please commit or stash them.
error: cannot pull with rebase: You have unstaged changes.
error: please commit or stash them.
bash: -c: line 1: syntax error near unexpected token `do'
bash: -c: line 1: `while true; do git add *; do git commit * -m test; do git push; sleep 10; done &'
error: cannot pull with rebase: You have unstaged changes.
error: please commit or stash them.
error: cannot pull with rebase: You have unstaged changes.
error: please commit or stash them.
error: cannot pull with rebase: You have unstaged changes.
error: please commit or stash them.
error: cannot pull with rebase: You have unstaged changes.
error: additionally, your index contains uncommitted changes.
error: please commit or stash them.
error: cannot pull with rebase: You have unstaged changes.
error: additionally, your index contains uncommitted changes.
error: please commit or stash them.
